2024-02-09 14:44:31,666 [Worker-6: Loading available Gradle versions] INFO  o.e.b.c.i.u.g.PublishedGradleVersions - Gradle version information cache is up-to-date. Trying to read.
2024-02-09 14:45:32,333 [Worker-6: Loading available Gradle versions] INFO  o.e.b.c.i.u.g.PublishedGradleVersions - Gradle version information cache is up-to-date. Trying to read.
2024-02-09 14:50:02,409 [Worker-0: Creating project "com.orangehrm"] INFO  o.e.m.c.i.l.LifecycleMappingFactory - Using org.eclipse.m2e.jdt.JarLifecycleMapping lifecycle mapping for MavenProject: NavigationCommands:com.orangehrm:0.0.1-SNAPSHOT @ C:\Users\2318235\Mini Project\com.orangehrm\pom.xml.
2024-02-09 14:50:03,423 [Worker-0: Creating project "com.orangehrm"] INFO  o.e.m.j.i.AbstractJavaProjectConfigurator - Adding source folder /com.orangehrm/src/main/java
2024-02-09 14:50:03,430 [Worker-0: Creating project "com.orangehrm"] INFO  o.e.m.j.i.AbstractJavaProjectConfigurator - Adding resource folder /com.orangehrm/src/main/resources
2024-02-09 14:50:03,432 [Worker-0: Creating project "com.orangehrm"] INFO  o.e.m.j.i.AbstractJavaProjectConfigurator - Adding source folder /com.orangehrm/src/test/java
2024-02-09 14:50:03,432 [Worker-0: Creating project "com.orangehrm"] INFO  o.e.m.j.i.AbstractJavaProjectConfigurator - Adding resource folder /com.orangehrm/src/test/resources
2024-02-09 14:50:06,531 [Worker-24: Building] WARN  o.e.m.c.i.embedder.EclipseLogger - Using platform encoding (Cp1252 actually) to copy filtered resources, i.e. build is platform dependent!
2024-02-09 14:50:06,546 [Worker-24: Building] INFO  o.e.m.c.i.embedder.EclipseLogger - Copying 0 resource
2024-02-09 14:50:06,552 [Worker-24: Building] WARN  o.e.m.c.i.embedder.EclipseLogger - Using platform encoding (Cp1252 actually) to copy filtered resources, i.e. build is platform dependent!
2024-02-09 14:50:06,554 [Worker-24: Building] INFO  o.e.m.c.i.embedder.EclipseLogger - Copying 0 resource
2024-02-09 22:40:51,534 [Worker-4: Loading available Gradle versions] INFO  o.e.b.c.i.u.g.PublishedGradleVersions - Gradle version information cache is up-to-date. Trying to read.
2024-02-09 22:44:00,518 [Worker-24: Building] INFO  o.e.m.c.i.l.LifecycleMappingFactory - Using org.eclipse.m2e.jdt.JarLifecycleMapping lifecycle mapping for MavenProject: NavigationCommands:com.orangehrm:0.0.1-SNAPSHOT @ C:\Users\2318235\Mini Project\com.orangehrm\pom.xml.
2024-02-09 22:44:02,977 [Worker-24: Building] WARN  o.e.m.c.i.embedder.EclipseLogger - Using platform encoding (Cp1252 actually) to copy filtered resources, i.e. build is platform dependent!
2024-02-09 22:44:02,992 [Worker-24: Building] INFO  o.e.m.c.i.embedder.EclipseLogger - Copying 0 resource
2024-02-09 22:44:03,002 [Worker-24: Building] WARN  o.e.m.c.i.embedder.EclipseLogger - Using platform encoding (Cp1252 actually) to copy filtered resources, i.e. build is platform dependent!
2024-02-09 22:44:03,006 [Worker-24: Building] INFO  o.e.m.c.i.embedder.EclipseLogger - Copying 0 resource
2024-02-09 22:44:04,176 [Worker-7: Building] WARN  o.e.m.c.i.embedder.EclipseLogger - Using platform encoding (Cp1252 actually) to copy filtered resources, i.e. build is platform dependent!
2024-02-09 22:44:04,191 [Worker-7: Building] INFO  o.e.m.c.i.embedder.EclipseLogger - Copying 0 resource
2024-02-09 22:44:04,202 [Worker-7: Building] WARN  o.e.m.c.i.embedder.EclipseLogger - Using platform encoding (Cp1252 actually) to copy filtered resources, i.e. build is platform dependent!
2024-02-09 22:44:04,207 [Worker-7: Building] INFO  o.e.m.c.i.embedder.EclipseLogger - Copying 0 resource
2024-02-09 22:44:25,031 [Worker-7: Building] WARN  o.e.m.c.i.embedder.EclipseLogger - Using platform encoding (Cp1252 actually) to copy filtered resources, i.e. build is platform dependent!
2024-02-09 22:44:25,039 [Worker-7: Building] INFO  o.e.m.c.i.embedder.EclipseLogger - Copying 0 resource
2024-02-09 22:44:25,049 [Worker-7: Building] WARN  o.e.m.c.i.embedder.EclipseLogger - Using platform encoding (Cp1252 actually) to copy filtered resources, i.e. build is platform dependent!
2024-02-09 22:44:25,060 [Worker-7: Building] INFO  o.e.m.c.i.embedder.EclipseLogger - Copying 0 resource
2024-02-09 22:49:57,118 [Worker-23: Building] WARN  o.e.m.c.i.embedder.EclipseLogger - Using platform encoding (Cp1252 actually) to copy filtered resources, i.e. build is platform dependent!
2024-02-09 22:49:57,124 [Worker-23: Building] INFO  o.e.m.c.i.embedder.EclipseLogger - Copying 0 resource
2024-02-09 22:49:57,135 [Worker-23: Building] WARN  o.e.m.c.i.embedder.EclipseLogger - Using platform encoding (Cp1252 actually) to copy filtered resources, i.e. build is platform dependent!
2024-02-09 22:49:57,142 [Worker-23: Building] INFO  o.e.m.c.i.embedder.EclipseLogger - Copying 0 resource
2024-02-09 22:52:30,254 [Worker-28: Building] WARN  o.e.m.c.i.embedder.EclipseLogger - Using platform encoding (Cp1252 actually) to copy filtered resources, i.e. build is platform dependent!
2024-02-09 22:52:30,270 [Worker-28: Building] INFO  o.e.m.c.i.embedder.EclipseLogger - Copying 0 resource
2024-02-09 22:52:30,285 [Worker-28: Building] WARN  o.e.m.c.i.embedder.EclipseLogger - Using platform encoding (Cp1252 actually) to copy filtered resources, i.e. build is platform dependent!
2024-02-09 22:52:30,316 [Worker-28: Building] INFO  o.e.m.c.i.embedder.EclipseLogger - Copying 0 resource
2024-02-09 22:52:31,416 [Worker-24: Building] WARN  o.e.m.c.i.embedder.EclipseLogger - Using platform encoding (Cp1252 actually) to copy filtered resources, i.e. build is platform dependent!
2024-02-09 22:52:31,420 [Worker-24: Building] INFO  o.e.m.c.i.embedder.EclipseLogger - Copying 0 resource
2024-02-09 22:52:31,427 [Worker-24: Building] WARN  o.e.m.c.i.embedder.EclipseLogger - Using platform encoding (Cp1252 actually) to copy filtered resources, i.e. build is platform dependent!
2024-02-09 22:52:31,433 [Worker-24: Building] INFO  o.e.m.c.i.embedder.EclipseLogger - Copying 0 resource
2024-02-09 23:04:53,330 [Worker-30: Building] WARN  o.e.m.c.i.embedder.EclipseLogger - Using platform encoding (Cp1252 actually) to copy filtered resources, i.e. build is platform dependent!
2024-02-09 23:04:53,336 [Worker-30: Building] INFO  o.e.m.c.i.embedder.EclipseLogger - Copying 0 resource
2024-02-09 23:04:53,346 [Worker-30: Building] WARN  o.e.m.c.i.embedder.EclipseLogger - Using platform encoding (Cp1252 actually) to copy filtered resources, i.e. build is platform dependent!
2024-02-09 23:04:53,354 [Worker-30: Building] INFO  o.e.m.c.i.embedder.EclipseLogger - Copying 0 resource
2024-02-09 23:11:32,644 [Worker-29: Building] WARN  o.e.m.c.i.embedder.EclipseLogger - Using platform encoding (Cp1252 actually) to copy filtered resources, i.e. build is platform dependent!
2024-02-09 23:11:32,650 [Worker-29: Building] INFO  o.e.m.c.i.embedder.EclipseLogger - Copying 0 resource
2024-02-09 23:11:32,665 [Worker-29: Building] WARN  o.e.m.c.i.embedder.EclipseLogger - Using platform encoding (Cp1252 actually) to copy filtered resources, i.e. build is platform dependent!
2024-02-09 23:11:32,672 [Worker-29: Building] INFO  o.e.m.c.i.embedder.EclipseLogger - Copying 0 resource
2024-02-09 23:11:36,169 [Worker-32: Building] WARN  o.e.m.c.i.embedder.EclipseLogger - Using platform encoding (Cp1252 actually) to copy filtered resources, i.e. build is platform dependent!
2024-02-09 23:11:36,174 [Worker-32: Building] INFO  o.e.m.c.i.embedder.EclipseLogger - Copying 0 resource
2024-02-09 23:11:36,181 [Worker-32: Building] WARN  o.e.m.c.i.embedder.EclipseLogger - Using platform encoding (Cp1252 actually) to copy filtered resources, i.e. build is platform dependent!
2024-02-09 23:11:36,188 [Worker-32: Building] INFO  o.e.m.c.i.embedder.EclipseLogger - Copying 0 resource
2024-02-09 23:12:15,219 [Worker-29: Building] WARN  o.e.m.c.i.embedder.EclipseLogger - Using platform encoding (Cp1252 actually) to copy filtered resources, i.e. build is platform dependent!
2024-02-09 23:12:15,223 [Worker-29: Building] INFO  o.e.m.c.i.embedder.EclipseLogger - Copying 0 resource
2024-02-09 23:12:15,230 [Worker-29: Building] WARN  o.e.m.c.i.embedder.EclipseLogger - Using platform encoding (Cp1252 actually) to copy filtered resources, i.e. build is platform dependent!
2024-02-09 23:12:15,236 [Worker-29: Building] INFO  o.e.m.c.i.embedder.EclipseLogger - Copying 0 resource
2024-02-09 23:13:21,566 [Worker-30: Building] WARN  o.e.m.c.i.embedder.EclipseLogger - Using platform encoding (Cp1252 actually) to copy filtered resources, i.e. build is platform dependent!
2024-02-09 23:13:21,570 [Worker-30: Building] INFO  o.e.m.c.i.embedder.EclipseLogger - Copying 0 resource
2024-02-09 23:13:21,577 [Worker-30: Building] WARN  o.e.m.c.i.embedder.EclipseLogger - Using platform encoding (Cp1252 actually) to copy filtered resources, i.e. build is platform dependent!
2024-02-09 23:13:21,584 [Worker-30: Building] INFO  o.e.m.c.i.embedder.EclipseLogger - Copying 0 resource
2024-02-10 23:42:39,446 [Worker-1: Loading available Gradle versions] INFO  o.e.b.c.i.u.g.PublishedGradleVersions - Gradle version information cache is out-of-date. Trying to update.
2024-02-11 00:05:29,844 [Worker-2: Loading available Gradle versions] INFO  o.e.b.c.i.u.g.PublishedGradleVersions - Gradle version information cache is up-to-date. Trying to read.
2024-02-11 01:09:12,801 [Worker-25: Building] WARN  o.e.m.c.i.embedder.EclipseLogger - Using platform encoding (Cp1252 actually) to copy filtered resources, i.e. build is platform dependent!
2024-02-11 01:09:13,016 [Worker-25: Building] INFO  o.e.m.c.i.embedder.EclipseLogger - Copying 0 resource
2024-02-11 01:09:13,025 [Worker-25: Building] WARN  o.e.m.c.i.embedder.EclipseLogger - Using platform encoding (Cp1252 actually) to copy filtered resources, i.e. build is platform dependent!
2024-02-11 01:09:13,029 [Worker-25: Building] INFO  o.e.m.c.i.embedder.EclipseLogger - Copying 0 resource
2024-02-11 01:16:20,502 [Worker-23: Building] WARN  o.e.m.c.i.embedder.EclipseLogger - Using platform encoding (Cp1252 actually) to copy filtered resources, i.e. build is platform dependent!
2024-02-11 01:16:20,509 [Worker-23: Building] INFO  o.e.m.c.i.embedder.EclipseLogger - Copying 0 resource
2024-02-11 01:16:20,516 [Worker-23: Building] WARN  o.e.m.c.i.embedder.EclipseLogger - Using platform encoding (Cp1252 actually) to copy filtered resources, i.e. build is platform dependent!
2024-02-11 01:16:20,523 [Worker-23: Building] INFO  o.e.m.c.i.embedder.EclipseLogger - Copying 0 resource
2024-02-11 01:19:39,123 [Worker-32: Building] WARN  o.e.m.c.i.embedder.EclipseLogger - Using platform encoding (Cp1252 actually) to copy filtered resources, i.e. build is platform dependent!
2024-02-11 01:19:39,125 [Worker-32: Building] INFO  o.e.m.c.i.embedder.EclipseLogger - Copying 0 resource
2024-02-11 01:19:39,129 [Worker-32: Building] WARN  o.e.m.c.i.embedder.EclipseLogger - Using platform encoding (Cp1252 actually) to copy filtered resources, i.e. build is platform dependent!
2024-02-11 01:19:39,132 [Worker-32: Building] INFO  o.e.m.c.i.embedder.EclipseLogger - Copying 0 resource
2024-02-11 01:21:21,911 [Worker-32: Building] WARN  o.e.m.c.i.embedder.EclipseLogger - Using platform encoding (Cp1252 actually) to copy filtered resources, i.e. build is platform dependent!
2024-02-11 01:21:21,914 [Worker-32: Building] INFO  o.e.m.c.i.embedder.EclipseLogger - Copying 0 resource
2024-02-11 01:21:21,919 [Worker-32: Building] WARN  o.e.m.c.i.embedder.EclipseLogger - Using platform encoding (Cp1252 actually) to copy filtered resources, i.e. build is platform dependent!
2024-02-11 01:21:21,923 [Worker-32: Building] INFO  o.e.m.c.i.embedder.EclipseLogger - Copying 0 resource
2024-02-11 01:22:14,372 [Worker-31: Building] WARN  o.e.m.c.i.embedder.EclipseLogger - Using platform encoding (Cp1252 actually) to copy filtered resources, i.e. build is platform dependent!
2024-02-11 01:22:14,375 [Worker-31: Building] INFO  o.e.m.c.i.embedder.EclipseLogger - Copying 0 resource
2024-02-11 01:22:14,380 [Worker-31: Building] WARN  o.e.m.c.i.embedder.EclipseLogger - Using platform encoding (Cp1252 actually) to copy filtered resources, i.e. build is platform dependent!
2024-02-11 01:22:14,384 [Worker-31: Building] INFO  o.e.m.c.i.embedder.EclipseLogger - Copying 0 resource
2024-02-11 10:40:15,951 [Worker-2: Loading available Gradle versions] INFO  o.e.b.c.i.u.g.PublishedGradleVersions - Gradle version information cache is up-to-date. Trying to read.
2024-02-11 10:51:24,862 [Worker-7: Building] WARN  o.e.m.c.i.embedder.EclipseLogger - Using platform encoding (Cp1252 actually) to copy filtered resources, i.e. build is platform dependent!
2024-02-11 10:51:25,072 [Worker-7: Building] INFO  o.e.m.c.i.embedder.EclipseLogger - Copying 0 resource
2024-02-11 10:51:25,082 [Worker-7: Building] WARN  o.e.m.c.i.embedder.EclipseLogger - Using platform encoding (Cp1252 actually) to copy filtered resources, i.e. build is platform dependent!
2024-02-11 10:51:25,085 [Worker-7: Building] INFO  o.e.m.c.i.embedder.EclipseLogger - Copying 0 resource
2024-02-11 11:44:30,951 [Worker-26: Building] WARN  o.e.m.c.i.embedder.EclipseLogger - Using platform encoding (Cp1252 actually) to copy filtered resources, i.e. build is platform dependent!
2024-02-11 11:44:30,958 [Worker-26: Building] INFO  o.e.m.c.i.embedder.EclipseLogger - Copying 0 resource
2024-02-11 11:44:30,966 [Worker-26: Building] WARN  o.e.m.c.i.embedder.EclipseLogger - Using platform encoding (Cp1252 actually) to copy filtered resources, i.e. build is platform dependent!
2024-02-11 11:44:30,973 [Worker-26: Building] INFO  o.e.m.c.i.embedder.EclipseLogger - Copying 0 resource
2024-02-11 11:48:08,978 [Worker-30: Launching TestOrangeHrm] WARN  o.e.m.c.i.embedder.EclipseLogger - Using platform encoding (Cp1252 actually) to copy filtered resources, i.e. build is platform dependent!
2024-02-11 11:48:08,980 [Worker-30: Launching TestOrangeHrm] INFO  o.e.m.c.i.embedder.EclipseLogger - Copying 0 resource
2024-02-11 11:48:08,985 [Worker-30: Launching TestOrangeHrm] WARN  o.e.m.c.i.embedder.EclipseLogger - Using platform encoding (Cp1252 actually) to copy filtered resources, i.e. build is platform dependent!
2024-02-11 11:48:08,988 [Worker-30: Launching TestOrangeHrm] INFO  o.e.m.c.i.embedder.EclipseLogger - Copying 0 resource
2024-02-11 12:25:32,233 [Worker-34: Launching TestOrangeHrm] WARN  o.e.m.c.i.embedder.EclipseLogger - Using platform encoding (Cp1252 actually) to copy filtered resources, i.e. build is platform dependent!
2024-02-11 12:25:32,238 [Worker-34: Launching TestOrangeHrm] INFO  o.e.m.c.i.embedder.EclipseLogger - Copying 0 resource
2024-02-11 12:25:32,244 [Worker-34: Launching TestOrangeHrm] WARN  o.e.m.c.i.embedder.EclipseLogger - Using platform encoding (Cp1252 actually) to copy filtered resources, i.e. build is platform dependent!
2024-02-11 12:25:32,251 [Worker-34: Launching TestOrangeHrm] INFO  o.e.m.c.i.embedder.EclipseLogger - Copying 0 resource
2024-02-11 14:18:57,898 [Worker-35: Launching TestOrangeHrm] WARN  o.e.m.c.i.embedder.EclipseLogger - Using platform encoding (Cp1252 actually) to copy filtered resources, i.e. build is platform dependent!
2024-02-11 14:18:57,901 [Worker-35: Launching TestOrangeHrm] INFO  o.e.m.c.i.embedder.EclipseLogger - Copying 0 resource
2024-02-11 14:18:57,908 [Worker-35: Launching TestOrangeHrm] WARN  o.e.m.c.i.embedder.EclipseLogger - Using platform encoding (Cp1252 actually) to copy filtered resources, i.e. build is platform dependent!
2024-02-11 14:18:57,912 [Worker-35: Launching TestOrangeHrm] INFO  o.e.m.c.i.embedder.EclipseLogger - Copying 0 resource
2024-02-11 14:32:46,767 [Worker-43: Launching TestOrangeHrm] WARN  o.e.m.c.i.embedder.EclipseLogger - Using platform encoding (Cp1252 actually) to copy filtered resources, i.e. build is platform dependent!
2024-02-11 14:32:46,774 [Worker-43: Launching TestOrangeHrm] INFO  o.e.m.c.i.embedder.EclipseLogger - Copying 0 resource
2024-02-11 14:32:46,784 [Worker-43: Launching TestOrangeHrm] WARN  o.e.m.c.i.embedder.EclipseLogger - Using platform encoding (Cp1252 actually) to copy filtered resources, i.e. build is platform dependent!
2024-02-11 14:32:46,790 [Worker-43: Launching TestOrangeHrm] INFO  o.e.m.c.i.embedder.EclipseLogger - Copying 0 resource
2024-02-11 14:35:27,223 [Worker-44: Launching TestOrangeHrm] WARN  o.e.m.c.i.embedder.EclipseLogger - Using platform encoding (Cp1252 actually) to copy filtered resources, i.e. build is platform dependent!
2024-02-11 14:35:27,229 [Worker-44: Launching TestOrangeHrm] INFO  o.e.m.c.i.embedder.EclipseLogger - Copying 0 resource
2024-02-11 14:35:27,237 [Worker-44: Launching TestOrangeHrm] WARN  o.e.m.c.i.embedder.EclipseLogger - Using platform encoding (Cp1252 actually) to copy filtered resources, i.e. build is platform dependent!
2024-02-11 14:35:27,245 [Worker-44: Launching TestOrangeHrm] INFO  o.e.m.c.i.embedder.EclipseLogger - Copying 0 resource
2024-02-11 14:37:08,683 [Worker-46: Launching TestOrangeHrm] WARN  o.e.m.c.i.embedder.EclipseLogger - Using platform encoding (Cp1252 actually) to copy filtered resources, i.e. build is platform dependent!
2024-02-11 14:37:08,688 [Worker-46: Launching TestOrangeHrm] INFO  o.e.m.c.i.embedder.EclipseLogger - Copying 0 resource
2024-02-11 14:37:08,702 [Worker-46: Launching TestOrangeHrm] WARN  o.e.m.c.i.embedder.EclipseLogger - Using platform encoding (Cp1252 actually) to copy filtered resources, i.e. build is platform dependent!
2024-02-11 14:37:08,709 [Worker-46: Launching TestOrangeHrm] INFO  o.e.m.c.i.embedder.EclipseLogger - Copying 0 resource
2024-02-11 14:47:57,069 [Worker-44: Launching TestOrangeHrm] WARN  o.e.m.c.i.embedder.EclipseLogger - Using platform encoding (Cp1252 actually) to copy filtered resources, i.e. build is platform dependent!
2024-02-11 14:47:57,074 [Worker-44: Launching TestOrangeHrm] INFO  o.e.m.c.i.embedder.EclipseLogger - Copying 0 resource
2024-02-11 14:47:57,082 [Worker-44: Launching TestOrangeHrm] WARN  o.e.m.c.i.embedder.EclipseLogger - Using platform encoding (Cp1252 actually) to copy filtered resources, i.e. build is platform dependent!
2024-02-11 14:47:57,088 [Worker-44: Launching TestOrangeHrm] INFO  o.e.m.c.i.embedder.EclipseLogger - Copying 0 resource
2024-02-11 14:50:06,060 [Worker-47: Launching TestOrangeHrm] WARN  o.e.m.c.i.embedder.EclipseLogger - Using platform encoding (Cp1252 actually) to copy filtered resources, i.e. build is platform dependent!
2024-02-11 14:50:06,067 [Worker-47: Launching TestOrangeHrm] INFO  o.e.m.c.i.embedder.EclipseLogger - Copying 0 resource
2024-02-11 14:50:06,075 [Worker-47: Launching TestOrangeHrm] WARN  o.e.m.c.i.embedder.EclipseLogger - Using platform encoding (Cp1252 actually) to copy filtered resources, i.e. build is platform dependent!
2024-02-11 14:50:06,083 [Worker-47: Launching TestOrangeHrm] INFO  o.e.m.c.i.embedder.EclipseLogger - Copying 0 resource
2024-02-11 15:19:45,642 [Worker-55: Launching TestOrangeHrm] WARN  o.e.m.c.i.embedder.EclipseLogger - Using platform encoding (Cp1252 actually) to copy filtered resources, i.e. build is platform dependent!
2024-02-11 15:19:45,648 [Worker-55: Launching TestOrangeHrm] INFO  o.e.m.c.i.embedder.EclipseLogger - Copying 0 resource
2024-02-11 15:19:45,657 [Worker-55: Launching TestOrangeHrm] WARN  o.e.m.c.i.embedder.EclipseLogger - Using platform encoding (Cp1252 actually) to copy filtered resources, i.e. build is platform dependent!
2024-02-11 15:19:45,662 [Worker-55: Launching TestOrangeHrm] INFO  o.e.m.c.i.embedder.EclipseLogger - Copying 0 resource
2024-02-11 15:23:01,933 [Worker-57: Launching TestOrangeHrm] WARN  o.e.m.c.i.embedder.EclipseLogger - Using platform encoding (Cp1252 actually) to copy filtered resources, i.e. build is platform dependent!
2024-02-11 15:23:01,938 [Worker-57: Launching TestOrangeHrm] INFO  o.e.m.c.i.embedder.EclipseLogger - Copying 0 resource
2024-02-11 15:23:01,946 [Worker-57: Launching TestOrangeHrm] WARN  o.e.m.c.i.embedder.EclipseLogger - Using platform encoding (Cp1252 actually) to copy filtered resources, i.e. build is platform dependent!
2024-02-11 15:23:01,955 [Worker-57: Launching TestOrangeHrm] INFO  o.e.m.c.i.embedder.EclipseLogger - Copying 0 resource
2024-02-11 17:06:56,067 [Worker-56: Building] WARN  o.e.m.c.i.embedder.EclipseLogger - Using platform encoding (Cp1252 actually) to copy filtered resources, i.e. build is platform dependent!
2024-02-11 17:06:56,070 [Worker-56: Building] INFO  o.e.m.c.i.embedder.EclipseLogger - Copying 0 resource
2024-02-11 17:06:56,074 [Worker-56: Building] WARN  o.e.m.c.i.embedder.EclipseLogger - Using platform encoding (Cp1252 actually) to copy filtered resources, i.e. build is platform dependent!
2024-02-11 17:06:56,079 [Worker-56: Building] INFO  o.e.m.c.i.embedder.EclipseLogger - Copying 0 resource
2024-02-11 17:54:48,301 [Worker-7: Loading available Gradle versions] INFO  o.e.b.c.i.u.g.PublishedGradleVersions - Gradle version information cache is up-to-date. Trying to read.
2024-02-11 18:10:01,779 [Worker-25: Building] WARN  o.e.m.c.i.embedder.EclipseLogger - Using platform encoding (Cp1252 actually) to copy filtered resources, i.e. build is platform dependent!
2024-02-11 18:10:01,937 [Worker-25: Building] INFO  o.e.m.c.i.embedder.EclipseLogger - Copying 0 resource
2024-02-11 18:10:01,943 [Worker-25: Building] WARN  o.e.m.c.i.embedder.EclipseLogger - Using platform encoding (Cp1252 actually) to copy filtered resources, i.e. build is platform dependent!
2024-02-11 18:10:01,945 [Worker-25: Building] INFO  o.e.m.c.i.embedder.EclipseLogger - Copying 0 resource
2024-02-11 18:10:02,622 [Worker-20: Launching TestOrangeHrm] WARN  o.e.m.c.i.embedder.EclipseLogger - Using platform encoding (Cp1252 actually) to copy filtered resources, i.e. build is platform dependent!
2024-02-11 18:10:02,627 [Worker-20: Launching TestOrangeHrm] INFO  o.e.m.c.i.embedder.EclipseLogger - Copying 0 resource
2024-02-11 18:10:02,634 [Worker-20: Launching TestOrangeHrm] WARN  o.e.m.c.i.embedder.EclipseLogger - Using platform encoding (Cp1252 actually) to copy filtered resources, i.e. build is platform dependent!
2024-02-11 18:10:02,643 [Worker-20: Launching TestOrangeHrm] INFO  o.e.m.c.i.embedder.EclipseLogger - Copying 0 resource
2024-02-11 18:13:18,244 [Worker-31: Launching TestOrangeHrm] WARN  o.e.m.c.i.embedder.EclipseLogger - Using platform encoding (Cp1252 actually) to copy filtered resources, i.e. build is platform dependent!
2024-02-11 18:13:18,247 [Worker-31: Launching TestOrangeHrm] INFO  o.e.m.c.i.embedder.EclipseLogger - Copying 0 resource
2024-02-11 18:13:18,253 [Worker-31: Launching TestOrangeHrm] WARN  o.e.m.c.i.embedder.EclipseLogger - Using platform encoding (Cp1252 actually) to copy filtered resources, i.e. build is platform dependent!
2024-02-11 18:13:18,258 [Worker-31: Launching TestOrangeHrm] INFO  o.e.m.c.i.embedder.EclipseLogger - Copying 0 resource
2024-02-11 18:25:50,863 [Worker-34: Launching TestOrangeHrm] WARN  o.e.m.c.i.embedder.EclipseLogger - Using platform encoding (Cp1252 actually) to copy filtered resources, i.e. build is platform dependent!
2024-02-11 18:25:50,866 [Worker-34: Launching TestOrangeHrm] INFO  o.e.m.c.i.embedder.EclipseLogger - Copying 0 resource
2024-02-11 18:25:50,872 [Worker-34: Launching TestOrangeHrm] WARN  o.e.m.c.i.embedder.EclipseLogger - Using platform encoding (Cp1252 actually) to copy filtered resources, i.e. build is platform dependent!
2024-02-11 18:25:50,878 [Worker-34: Launching TestOrangeHrm] INFO  o.e.m.c.i.embedder.EclipseLogger - Copying 0 resource
2024-02-11 18:32:59,345 [Worker-38: Launching TestOrangeHrm] WARN  o.e.m.c.i.embedder.EclipseLogger - Using platform encoding (Cp1252 actually) to copy filtered resources, i.e. build is platform dependent!
2024-02-11 18:32:59,348 [Worker-38: Launching TestOrangeHrm] INFO  o.e.m.c.i.embedder.EclipseLogger - Copying 0 resource
2024-02-11 18:32:59,353 [Worker-38: Launching TestOrangeHrm] WARN  o.e.m.c.i.embedder.EclipseLogger - Using platform encoding (Cp1252 actually) to copy filtered resources, i.e. build is platform dependent!
2024-02-11 18:32:59,358 [Worker-38: Launching TestOrangeHrm] INFO  o.e.m.c.i.embedder.EclipseLogger - Copying 0 resource
2024-02-11 18:37:30,222 [Worker-42: Launching TestOrangeHrm] WARN  o.e.m.c.i.embedder.EclipseLogger - Using platform encoding (Cp1252 actually) to copy filtered resources, i.e. build is platform dependent!
2024-02-11 18:37:30,226 [Worker-42: Launching TestOrangeHrm] INFO  o.e.m.c.i.embedder.EclipseLogger - Copying 0 resource
2024-02-11 18:37:30,233 [Worker-42: Launching TestOrangeHrm] WARN  o.e.m.c.i.embedder.EclipseLogger - Using platform encoding (Cp1252 actually) to copy filtered resources, i.e. build is platform dependent!
2024-02-11 18:37:30,239 [Worker-42: Launching TestOrangeHrm] INFO  o.e.m.c.i.embedder.EclipseLogger - Copying 0 resource
2024-02-11 18:43:40,619 [Worker-42: Launching TestOrangeHrm] WARN  o.e.m.c.i.embedder.EclipseLogger - Using platform encoding (Cp1252 actually) to copy filtered resources, i.e. build is platform dependent!
2024-02-11 18:43:40,622 [Worker-42: Launching TestOrangeHrm] INFO  o.e.m.c.i.embedder.EclipseLogger - Copying 0 resource
2024-02-11 18:43:40,627 [Worker-42: Launching TestOrangeHrm] WARN  o.e.m.c.i.embedder.EclipseLogger - Using platform encoding (Cp1252 actually) to copy filtered resources, i.e. build is platform dependent!
2024-02-11 18:43:40,632 [Worker-42: Launching TestOrangeHrm] INFO  o.e.m.c.i.embedder.EclipseLogger - Copying 0 resource
2024-02-11 18:45:13,710 [Worker-48: Launching TestOrangeHrm] WARN  o.e.m.c.i.embedder.EclipseLogger - Using platform encoding (Cp1252 actually) to copy filtered resources, i.e. build is platform dependent!
2024-02-11 18:45:13,712 [Worker-48: Launching TestOrangeHrm] INFO  o.e.m.c.i.embedder.EclipseLogger - Copying 0 resource
2024-02-11 18:45:13,719 [Worker-48: Launching TestOrangeHrm] WARN  o.e.m.c.i.embedder.EclipseLogger - Using platform encoding (Cp1252 actually) to copy filtered resources, i.e. build is platform dependent!
2024-02-11 18:45:13,724 [Worker-48: Launching TestOrangeHrm] INFO  o.e.m.c.i.embedder.EclipseLogger - Copying 0 resource
2024-02-11 18:46:44,595 [Worker-47: Launching TestOrangeHrm] WARN  o.e.m.c.i.embedder.EclipseLogger - Using platform encoding (Cp1252 actually) to copy filtered resources, i.e. build is platform dependent!
2024-02-11 18:46:44,598 [Worker-47: Launching TestOrangeHrm] INFO  o.e.m.c.i.embedder.EclipseLogger - Copying 0 resource
2024-02-11 18:46:44,602 [Worker-47: Launching TestOrangeHrm] WARN  o.e.m.c.i.embedder.EclipseLogger - Using platform encoding (Cp1252 actually) to copy filtered resources, i.e. build is platform dependent!
2024-02-11 18:46:44,607 [Worker-47: Launching TestOrangeHrm] INFO  o.e.m.c.i.embedder.EclipseLogger - Copying 0 resource
2024-02-11 18:47:40,233 [Worker-50: Launching TestOrangeHrm] WARN  o.e.m.c.i.embedder.EclipseLogger - Using platform encoding (Cp1252 actually) to copy filtered resources, i.e. build is platform dependent!
2024-02-11 18:47:40,236 [Worker-50: Launching TestOrangeHrm] INFO  o.e.m.c.i.embedder.EclipseLogger - Copying 0 resource
2024-02-11 18:47:40,240 [Worker-50: Launching TestOrangeHrm] WARN  o.e.m.c.i.embedder.EclipseLogger - Using platform encoding (Cp1252 actually) to copy filtered resources, i.e. build is platform dependent!
2024-02-11 18:47:40,243 [Worker-50: Launching TestOrangeHrm] INFO  o.e.m.c.i.embedder.EclipseLogger - Copying 0 resource
2024-02-11 18:49:25,449 [Worker-48: Launching TestOrangeHrm] WARN  o.e.m.c.i.embedder.EclipseLogger - Using platform encoding (Cp1252 actually) to copy filtered resources, i.e. build is platform dependent!
2024-02-11 18:49:25,452 [Worker-48: Launching TestOrangeHrm] INFO  o.e.m.c.i.embedder.EclipseLogger - Copying 0 resource
2024-02-11 18:49:25,456 [Worker-48: Launching TestOrangeHrm] WARN  o.e.m.c.i.embedder.EclipseLogger - Using platform encoding (Cp1252 actually) to copy filtered resources, i.e. build is platform dependent!
2024-02-11 18:49:25,460 [Worker-48: Launching TestOrangeHrm] INFO  o.e.m.c.i.embedder.EclipseLogger - Copying 0 resource
2024-02-11 18:51:39,847 [Worker-50: Launching TestOrangeHrm] WARN  o.e.m.c.i.embedder.EclipseLogger - Using platform encoding (Cp1252 actually) to copy filtered resources, i.e. build is platform dependent!
2024-02-11 18:51:39,850 [Worker-50: Launching TestOrangeHrm] INFO  o.e.m.c.i.embedder.EclipseLogger - Copying 0 resource
2024-02-11 18:51:39,853 [Worker-50: Launching TestOrangeHrm] WARN  o.e.m.c.i.embedder.EclipseLogger - Using platform encoding (Cp1252 actually) to copy filtered resources, i.e. build is platform dependent!
2024-02-11 18:51:39,857 [Worker-50: Launching TestOrangeHrm] INFO  o.e.m.c.i.embedder.EclipseLogger - Copying 0 resource
2024-02-11 18:52:56,793 [Worker-51: Launching TestOrangeHrm] WARN  o.e.m.c.i.embedder.EclipseLogger - Using platform encoding (Cp1252 actually) to copy filtered resources, i.e. build is platform dependent!
2024-02-11 18:52:56,796 [Worker-51: Launching TestOrangeHrm] INFO  o.e.m.c.i.embedder.EclipseLogger - Copying 0 resource
2024-02-11 18:52:56,800 [Worker-51: Launching TestOrangeHrm] WARN  o.e.m.c.i.embedder.EclipseLogger - Using platform encoding (Cp1252 actually) to copy filtered resources, i.e. build is platform dependent!
2024-02-11 18:52:56,803 [Worker-51: Launching TestOrangeHrm] INFO  o.e.m.c.i.embedder.EclipseLogger - Copying 0 resource
2024-02-11 18:54:10,275 [Worker-48: Launching TestOrangeHrm] WARN  o.e.m.c.i.embedder.EclipseLogger - Using platform encoding (Cp1252 actually) to copy filtered resources, i.e. build is platform dependent!
2024-02-11 18:54:10,278 [Worker-48: Launching TestOrangeHrm] INFO  o.e.m.c.i.embedder.EclipseLogger - Copying 0 resource
2024-02-11 18:54:10,283 [Worker-48: Launching TestOrangeHrm] WARN  o.e.m.c.i.embedder.EclipseLogger - Using platform encoding (Cp1252 actually) to copy filtered resources, i.e. build is platform dependent!
2024-02-11 18:54:10,287 [Worker-48: Launching TestOrangeHrm] INFO  o.e.m.c.i.embedder.EclipseLogger - Copying 0 resource
2024-02-11 18:59:22,831 [Worker-50: Launching TestOrangeHrm] WARN  o.e.m.c.i.embedder.EclipseLogger - Using platform encoding (Cp1252 actually) to copy filtered resources, i.e. build is platform dependent!
2024-02-11 18:59:22,834 [Worker-50: Launching TestOrangeHrm] INFO  o.e.m.c.i.embedder.EclipseLogger - Copying 0 resource
2024-02-11 18:59:22,838 [Worker-50: Launching TestOrangeHrm] WARN  o.e.m.c.i.embedder.EclipseLogger - Using platform encoding (Cp1252 actually) to copy filtered resources, i.e. build is platform dependent!
2024-02-11 18:59:22,842 [Worker-50: Launching TestOrangeHrm] INFO  o.e.m.c.i.embedder.EclipseLogger - Copying 0 resource
2024-02-11 19:00:36,979 [Worker-48: Launching TestOrangeHrm] WARN  o.e.m.c.i.embedder.EclipseLogger - Using platform encoding (Cp1252 actually) to copy filtered resources, i.e. build is platform dependent!
2024-02-11 19:00:36,982 [Worker-48: Launching TestOrangeHrm] INFO  o.e.m.c.i.embedder.EclipseLogger - Copying 0 resource
2024-02-11 19:00:36,989 [Worker-48: Launching TestOrangeHrm] WARN  o.e.m.c.i.embedder.EclipseLogger - Using platform encoding (Cp1252 actually) to copy filtered resources, i.e. build is platform dependent!
2024-02-11 19:00:36,998 [Worker-48: Launching TestOrangeHrm] INFO  o.e.m.c.i.embedder.EclipseLogger - Copying 0 resource
2024-02-11 19:04:48,195 [Worker-51: Launching TestOrangeHrm] WARN  o.e.m.c.i.embedder.EclipseLogger - Using platform encoding (Cp1252 actually) to copy filtered resources, i.e. build is platform dependent!
2024-02-11 19:04:48,197 [Worker-51: Launching TestOrangeHrm] INFO  o.e.m.c.i.embedder.EclipseLogger - Copying 0 resource
2024-02-11 19:04:48,200 [Worker-51: Launching TestOrangeHrm] WARN  o.e.m.c.i.embedder.EclipseLogger - Using platform encoding (Cp1252 actually) to copy filtered resources, i.e. build is platform dependent!
2024-02-11 19:04:48,204 [Worker-51: Launching TestOrangeHrm] INFO  o.e.m.c.i.embedder.EclipseLogger - Copying 0 resource
2024-02-11 19:13:34,137 [Worker-48: Building] WARN  o.e.m.c.i.embedder.EclipseLogger - Using platform encoding (Cp1252 actually) to copy filtered resources, i.e. build is platform dependent!
2024-02-11 19:13:34,140 [Worker-48: Building] INFO  o.e.m.c.i.embedder.EclipseLogger - Copying 0 resource
2024-02-11 19:13:34,144 [Worker-48: Building] WARN  o.e.m.c.i.embedder.EclipseLogger - Using platform encoding (Cp1252 actually) to copy filtered resources, i.e. build is platform dependent!
2024-02-11 19:13:34,148 [Worker-48: Building] INFO  o.e.m.c.i.embedder.EclipseLogger - Copying 0 resource
2024-02-11 20:39:10,965 [Worker-7: Loading available Gradle versions] INFO  o.e.b.c.i.u.g.PublishedGradleVersions - Gradle version information cache is up-to-date. Trying to read.
2024-02-11 22:11:49,663 [Worker-7: Loading available Gradle versions] INFO  o.e.b.c.i.u.g.PublishedGradleVersions - Gradle version information cache is up-to-date. Trying to read.
2024-02-11 22:15:04,594 [Worker-19: Launching TestOrangeHrm] WARN  o.e.m.c.i.embedder.EclipseLogger - Using platform encoding (Cp1252 actually) to copy filtered resources, i.e. build is platform dependent!
2024-02-11 22:15:04,934 [Worker-19: Launching TestOrangeHrm] INFO  o.e.m.c.i.embedder.EclipseLogger - Copying 0 resource
2024-02-11 22:15:04,947 [Worker-19: Launching TestOrangeHrm] WARN  o.e.m.c.i.embedder.EclipseLogger - Using platform encoding (Cp1252 actually) to copy filtered resources, i.e. build is platform dependent!
2024-02-11 22:15:04,952 [Worker-19: Launching TestOrangeHrm] INFO  o.e.m.c.i.embedder.EclipseLogger - Copying 0 resource
2024-02-11 22:25:47,791 [Worker-7: Launching TestOrangeHrm] WARN  o.e.m.c.i.embedder.EclipseLogger - Using platform encoding (Cp1252 actually) to copy filtered resources, i.e. build is platform dependent!
2024-02-11 22:25:47,801 [Worker-7: Launching TestOrangeHrm] INFO  o.e.m.c.i.embedder.EclipseLogger - Copying 0 resource
2024-02-11 22:25:47,813 [Worker-7: Launching TestOrangeHrm] WARN  o.e.m.c.i.embedder.EclipseLogger - Using platform encoding (Cp1252 actually) to copy filtered resources, i.e. build is platform dependent!
2024-02-11 22:25:47,824 [Worker-7: Launching TestOrangeHrm] INFO  o.e.m.c.i.embedder.EclipseLogger - Copying 0 resource
2024-02-11 22:38:13,166 [Worker-26: Launching TestOrangeHrm] WARN  o.e.m.c.i.embedder.EclipseLogger - Using platform encoding (Cp1252 actually) to copy filtered resources, i.e. build is platform dependent!
2024-02-11 22:38:13,172 [Worker-26: Launching TestOrangeHrm] INFO  o.e.m.c.i.embedder.EclipseLogger - Copying 0 resource
2024-02-11 22:38:13,182 [Worker-26: Launching TestOrangeHrm] WARN  o.e.m.c.i.embedder.EclipseLogger - Using platform encoding (Cp1252 actually) to copy filtered resources, i.e. build is platform dependent!
2024-02-11 22:38:13,189 [Worker-26: Launching TestOrangeHrm] INFO  o.e.m.c.i.embedder.EclipseLogger - Copying 0 resource
2024-02-11 22:41:12,599 [Worker-24: Launching TestOrangeHrm] WARN  o.e.m.c.i.embedder.EclipseLogger - Using platform encoding (Cp1252 actually) to copy filtered resources, i.e. build is platform dependent!
2024-02-11 22:41:12,604 [Worker-24: Launching TestOrangeHrm] INFO  o.e.m.c.i.embedder.EclipseLogger - Copying 0 resource
2024-02-11 22:41:12,612 [Worker-24: Launching TestOrangeHrm] WARN  o.e.m.c.i.embedder.EclipseLogger - Using platform encoding (Cp1252 actually) to copy filtered resources, i.e. build is platform dependent!
2024-02-11 22:41:12,619 [Worker-24: Launching TestOrangeHrm] INFO  o.e.m.c.i.embedder.EclipseLogger - Copying 0 resource
2024-02-11 22:44:25,652 [Worker-30: Launching TestOrangeHrm] WARN  o.e.m.c.i.embedder.EclipseLogger - Using platform encoding (Cp1252 actually) to copy filtered resources, i.e. build is platform dependent!
2024-02-11 22:44:25,657 [Worker-30: Launching TestOrangeHrm] INFO  o.e.m.c.i.embedder.EclipseLogger - Copying 0 resource
2024-02-11 22:44:25,665 [Worker-30: Launching TestOrangeHrm] WARN  o.e.m.c.i.embedder.EclipseLogger - Using platform encoding (Cp1252 actually) to copy filtered resources, i.e. build is platform dependent!
2024-02-11 22:44:25,673 [Worker-30: Launching TestOrangeHrm] INFO  o.e.m.c.i.embedder.EclipseLogger - Copying 0 resource
2024-02-11 22:59:18,219 [Worker-32: Launching TestOrangeHrm] WARN  o.e.m.c.i.embedder.EclipseLogger - Using platform encoding (Cp1252 actually) to copy filtered resources, i.e. build is platform dependent!
2024-02-11 22:59:18,225 [Worker-32: Launching TestOrangeHrm] INFO  o.e.m.c.i.embedder.EclipseLogger - Copying 0 resource
2024-02-11 22:59:18,231 [Worker-32: Launching TestOrangeHrm] WARN  o.e.m.c.i.embedder.EclipseLogger - Using platform encoding (Cp1252 actually) to copy filtered resources, i.e. build is platform dependent!
2024-02-11 22:59:18,236 [Worker-32: Launching TestOrangeHrm] INFO  o.e.m.c.i.embedder.EclipseLogger - Copying 0 resource
2024-02-11 23:03:00,775 [Worker-34: Launching TestOrangeHrm] WARN  o.e.m.c.i.embedder.EclipseLogger - Using platform encoding (Cp1252 actually) to copy filtered resources, i.e. build is platform dependent!
2024-02-11 23:03:00,780 [Worker-34: Launching TestOrangeHrm] INFO  o.e.m.c.i.embedder.EclipseLogger - Copying 0 resource
2024-02-11 23:03:00,792 [Worker-34: Launching TestOrangeHrm] WARN  o.e.m.c.i.embedder.EclipseLogger - Using platform encoding (Cp1252 actually) to copy filtered resources, i.e. build is platform dependent!
2024-02-11 23:03:00,800 [Worker-34: Launching TestOrangeHrm] INFO  o.e.m.c.i.embedder.EclipseLogger - Copying 0 resource
2024-02-11 23:07:35,563 [Worker-38: Launching TestOrangeHrm] WARN  o.e.m.c.i.embedder.EclipseLogger - Using platform encoding (Cp1252 actually) to copy filtered resources, i.e. build is platform dependent!
2024-02-11 23:07:35,569 [Worker-38: Launching TestOrangeHrm] INFO  o.e.m.c.i.embedder.EclipseLogger - Copying 0 resource
2024-02-11 23:07:35,584 [Worker-38: Launching TestOrangeHrm] WARN  o.e.m.c.i.embedder.EclipseLogger - Using platform encoding (Cp1252 actually) to copy filtered resources, i.e. build is platform dependent!
2024-02-11 23:07:35,591 [Worker-38: Launching TestOrangeHrm] INFO  o.e.m.c.i.embedder.EclipseLogger - Copying 0 resource
2024-02-11 23:23:50,034 [Worker-39: Launching TestOrangeHrm] WARN  o.e.m.c.i.embedder.EclipseLogger - Using platform encoding (Cp1252 actually) to copy filtered resources, i.e. build is platform dependent!
2024-02-11 23:23:50,040 [Worker-39: Launching TestOrangeHrm] INFO  o.e.m.c.i.embedder.EclipseLogger - Copying 0 resource
2024-02-11 23:23:50,050 [Worker-39: Launching TestOrangeHrm] WARN  o.e.m.c.i.embedder.EclipseLogger - Using platform encoding (Cp1252 actually) to copy filtered resources, i.e. build is platform dependent!
2024-02-11 23:23:50,057 [Worker-39: Launching TestOrangeHrm] INFO  o.e.m.c.i.embedder.EclipseLogger - Copying 0 resource
2024-02-11 23:29:32,706 [Worker-41: Launching TestOrangeHrm] WARN  o.e.m.c.i.embedder.EclipseLogger - Using platform encoding (Cp1252 actually) to copy filtered resources, i.e. build is platform dependent!
2024-02-11 23:29:32,712 [Worker-41: Launching TestOrangeHrm] INFO  o.e.m.c.i.embedder.EclipseLogger - Copying 0 resource
2024-02-11 23:29:32,722 [Worker-41: Launching TestOrangeHrm] WARN  o.e.m.c.i.embedder.EclipseLogger - Using platform encoding (Cp1252 actually) to copy filtered resources, i.e. build is platform dependent!
2024-02-11 23:29:32,730 [Worker-41: Launching TestOrangeHrm] INFO  o.e.m.c.i.embedder.EclipseLogger - Copying 0 resource
2024-02-11 23:31:49,777 [Worker-47: Launching TestOrangeHrm] WARN  o.e.m.c.i.embedder.EclipseLogger - Using platform encoding (Cp1252 actually) to copy filtered resources, i.e. build is platform dependent!
2024-02-11 23:31:49,782 [Worker-47: Launching TestOrangeHrm] INFO  o.e.m.c.i.embedder.EclipseLogger - Copying 0 resource
2024-02-11 23:31:49,790 [Worker-47: Launching TestOrangeHrm] WARN  o.e.m.c.i.embedder.EclipseLogger - Using platform encoding (Cp1252 actually) to copy filtered resources, i.e. build is platform dependent!
2024-02-11 23:31:49,798 [Worker-47: Launching TestOrangeHrm] INFO  o.e.m.c.i.embedder.EclipseLogger - Copying 0 resource
2024-02-11 23:35:03,274 [Worker-47: Launching TestOrangeHrm] WARN  o.e.m.c.i.embedder.EclipseLogger - Using platform encoding (Cp1252 actually) to copy filtered resources, i.e. build is platform dependent!
2024-02-11 23:35:03,281 [Worker-47: Launching TestOrangeHrm] INFO  o.e.m.c.i.embedder.EclipseLogger - Copying 0 resource
2024-02-11 23:35:03,292 [Worker-47: Launching TestOrangeHrm] WARN  o.e.m.c.i.embedder.EclipseLogger - Using platform encoding (Cp1252 actually) to copy filtered resources, i.e. build is platform dependent!
2024-02-11 23:35:03,300 [Worker-47: Launching TestOrangeHrm] INFO  o.e.m.c.i.embedder.EclipseLogger - Copying 0 resource
2024-02-11 23:36:33,442 [Worker-48: Launching TestOrangeHrm] WARN  o.e.m.c.i.embedder.EclipseLogger - Using platform encoding (Cp1252 actually) to copy filtered resources, i.e. build is platform dependent!
2024-02-11 23:36:33,447 [Worker-48: Launching TestOrangeHrm] INFO  o.e.m.c.i.embedder.EclipseLogger - Copying 0 resource
2024-02-11 23:36:33,454 [Worker-48: Launching TestOrangeHrm] WARN  o.e.m.c.i.embedder.EclipseLogger - Using platform encoding (Cp1252 actually) to copy filtered resources, i.e. build is platform dependent!
2024-02-11 23:36:33,462 [Worker-48: Launching TestOrangeHrm] INFO  o.e.m.c.i.embedder.EclipseLogger - Copying 0 resource
2024-02-12 09:19:44,280 [Worker-4: Loading available Gradle versions] INFO  o.e.b.c.i.u.g.PublishedGradleVersions - Gradle version information cache is out-of-date. Trying to update.
2024-02-12 10:44:56,146 [Worker-7: Loading available Gradle versions] INFO  o.e.b.c.i.u.g.PublishedGradleVersions - Gradle version information cache is up-to-date. Trying to read.
2024-02-12 10:57:19,906 [Worker-13: Launching TestOrangeHrm] WARN  o.e.m.c.i.embedder.EclipseLogger - Using platform encoding (Cp1252 actually) to copy filtered resources, i.e. build is platform dependent!
2024-02-12 10:57:20,059 [Worker-13: Launching TestOrangeHrm] INFO  o.e.m.c.i.embedder.EclipseLogger - Copying 0 resource
2024-02-12 10:57:20,066 [Worker-13: Launching TestOrangeHrm] WARN  o.e.m.c.i.embedder.EclipseLogger - Using platform encoding (Cp1252 actually) to copy filtered resources, i.e. build is platform dependent!
2024-02-12 10:57:20,068 [Worker-13: Launching TestOrangeHrm] INFO  o.e.m.c.i.embedder.EclipseLogger - Copying 0 resource
2024-02-12 11:02:44,171 [Worker-23: Launching TestOrangeHrm] WARN  o.e.m.c.i.embedder.EclipseLogger - Using platform encoding (Cp1252 actually) to copy filtered resources, i.e. build is platform dependent!
2024-02-12 11:02:44,176 [Worker-23: Launching TestOrangeHrm] INFO  o.e.m.c.i.embedder.EclipseLogger - Copying 0 resource
2024-02-12 11:02:44,182 [Worker-23: Launching TestOrangeHrm] WARN  o.e.m.c.i.embedder.EclipseLogger - Using platform encoding (Cp1252 actually) to copy filtered resources, i.e. build is platform dependent!
2024-02-12 11:02:44,189 [Worker-23: Launching TestOrangeHrm] INFO  o.e.m.c.i.embedder.EclipseLogger - Copying 0 resource
2024-02-12 11:06:23,974 [Worker-23: Launching TestOrangeHrm] WARN  o.e.m.c.i.embedder.EclipseLogger - Using platform encoding (Cp1252 actually) to copy filtered resources, i.e. build is platform dependent!
2024-02-12 11:06:23,978 [Worker-23: Launching TestOrangeHrm] INFO  o.e.m.c.i.embedder.EclipseLogger - Copying 0 resource
2024-02-12 11:06:23,983 [Worker-23: Launching TestOrangeHrm] WARN  o.e.m.c.i.embedder.EclipseLogger - Using platform encoding (Cp1252 actually) to copy filtered resources, i.e. build is platform dependent!
2024-02-12 11:06:23,988 [Worker-23: Launching TestOrangeHrm] INFO  o.e.m.c.i.embedder.EclipseLogger - Copying 0 resource
2024-02-12 11:10:00,512 [Worker-24: Launching TestOrangeHrm] WARN  o.e.m.c.i.embedder.EclipseLogger - Using platform encoding (Cp1252 actually) to copy filtered resources, i.e. build is platform dependent!
2024-02-12 11:10:00,515 [Worker-24: Launching TestOrangeHrm] INFO  o.e.m.c.i.embedder.EclipseLogger - Copying 0 resource
2024-02-12 11:10:00,520 [Worker-24: Launching TestOrangeHrm] WARN  o.e.m.c.i.embedder.EclipseLogger - Using platform encoding (Cp1252 actually) to copy filtered resources, i.e. build is platform dependent!
2024-02-12 11:10:00,525 [Worker-24: Launching TestOrangeHrm] INFO  o.e.m.c.i.embedder.EclipseLogger - Copying 0 resource
2024-02-12 11:13:29,704 [Worker-35: Launching TestOrangeHrm] WARN  o.e.m.c.i.embedder.EclipseLogger - Using platform encoding (Cp1252 actually) to copy filtered resources, i.e. build is platform dependent!
2024-02-12 11:13:29,708 [Worker-35: Launching TestOrangeHrm] INFO  o.e.m.c.i.embedder.EclipseLogger - Copying 0 resource
2024-02-12 11:13:29,713 [Worker-35: Launching TestOrangeHrm] WARN  o.e.m.c.i.embedder.EclipseLogger - Using platform encoding (Cp1252 actually) to copy filtered resources, i.e. build is platform dependent!
2024-02-12 11:13:29,718 [Worker-35: Launching TestOrangeHrm] INFO  o.e.m.c.i.embedder.EclipseLogger - Copying 0 resource
2024-02-12 11:17:20,597 [Worker-31: Launching TestOrangeHrm] WARN  o.e.m.c.i.embedder.EclipseLogger - Using platform encoding (Cp1252 actually) to copy filtered resources, i.e. build is platform dependent!
2024-02-12 11:17:20,600 [Worker-31: Launching TestOrangeHrm] INFO  o.e.m.c.i.embedder.EclipseLogger - Copying 0 resource
2024-02-12 11:17:20,605 [Worker-31: Launching TestOrangeHrm] WARN  o.e.m.c.i.embedder.EclipseLogger - Using platform encoding (Cp1252 actually) to copy filtered resources, i.e. build is platform dependent!
2024-02-12 11:17:20,610 [Worker-31: Launching TestOrangeHrm] INFO  o.e.m.c.i.embedder.EclipseLogger - Copying 0 resource
2024-02-12 11:18:25,494 [Worker-36: Launching TestOrangeHrm] WARN  o.e.m.c.i.embedder.EclipseLogger - Using platform encoding (Cp1252 actually) to copy filtered resources, i.e. build is platform dependent!
2024-02-12 11:18:25,497 [Worker-36: Launching TestOrangeHrm] INFO  o.e.m.c.i.embedder.EclipseLogger - Copying 0 resource
2024-02-12 11:18:25,502 [Worker-36: Launching TestOrangeHrm] WARN  o.e.m.c.i.embedder.EclipseLogger - Using platform encoding (Cp1252 actually) to copy filtered resources, i.e. build is platform dependent!
2024-02-12 11:18:25,507 [Worker-36: Launching TestOrangeHrm] INFO  o.e.m.c.i.embedder.EclipseLogger - Copying 0 resource
2024-02-12 11:22:03,117 [Worker-38: Launching TestOrangeHrm] WARN  o.e.m.c.i.embedder.EclipseLogger - Using platform encoding (Cp1252 actually) to copy filtered resources, i.e. build is platform dependent!
2024-02-12 11:22:03,120 [Worker-38: Launching TestOrangeHrm] INFO  o.e.m.c.i.embedder.EclipseLogger - Copying 0 resource
2024-02-12 11:22:03,129 [Worker-38: Launching TestOrangeHrm] WARN  o.e.m.c.i.embedder.EclipseLogger - Using platform encoding (Cp1252 actually) to copy filtered resources, i.e. build is platform dependent!
2024-02-12 11:22:03,133 [Worker-38: Launching TestOrangeHrm] INFO  o.e.m.c.i.embedder.EclipseLogger - Copying 0 resource
2024-02-12 11:24:32,710 [Worker-38: Launching TestOrangeHrm] WARN  o.e.m.c.i.embedder.EclipseLogger - Using platform encoding (Cp1252 actually) to copy filtered resources, i.e. build is platform dependent!
2024-02-12 11:24:32,713 [Worker-38: Launching TestOrangeHrm] INFO  o.e.m.c.i.embedder.EclipseLogger - Copying 0 resource
2024-02-12 11:24:32,721 [Worker-38: Launching TestOrangeHrm] WARN  o.e.m.c.i.embedder.EclipseLogger - Using platform encoding (Cp1252 actually) to copy filtered resources, i.e. build is platform dependent!
2024-02-12 11:24:32,726 [Worker-38: Launching TestOrangeHrm] INFO  o.e.m.c.i.embedder.EclipseLogger - Copying 0 resource
2024-02-12 11:26:28,349 [Worker-38: Building] WARN  o.e.m.c.i.embedder.EclipseLogger - Using platform encoding (Cp1252 actually) to copy filtered resources, i.e. build is platform dependent!
2024-02-12 11:26:28,352 [Worker-38: Building] INFO  o.e.m.c.i.embedder.EclipseLogger - Copying 0 resource
2024-02-12 11:26:28,356 [Worker-38: Building] WARN  o.e.m.c.i.embedder.EclipseLogger - Using platform encoding (Cp1252 actually) to copy filtered resources, i.e. build is platform dependent!
2024-02-12 11:26:28,360 [Worker-38: Building] INFO  o.e.m.c.i.embedder.EclipseLogger - Copying 0 resource
2024-02-12 11:26:42,019 [Worker-39: Building] WARN  o.e.m.c.i.embedder.EclipseLogger - Using platform encoding (Cp1252 actually) to copy filtered resources, i.e. build is platform dependent!
2024-02-12 11:26:42,021 [Worker-39: Building] INFO  o.e.m.c.i.embedder.EclipseLogger - Copying 0 resource
2024-02-12 11:26:42,025 [Worker-39: Building] WARN  o.e.m.c.i.embedder.EclipseLogger - Using platform encoding (Cp1252 actually) to copy filtered resources, i.e. build is platform dependent!
2024-02-12 11:26:42,029 [Worker-39: Building] INFO  o.e.m.c.i.embedder.EclipseLogger - Copying 0 resource
2024-02-12 12:53:01,824 [Worker-7: Loading available Gradle versions] INFO  o.e.b.c.i.u.g.PublishedGradleVersions - Gradle version information cache is up-to-date. Trying to read.
2024-02-12 22:58:25,323 [Worker-7: Loading available Gradle versions] INFO  o.e.b.c.i.u.g.PublishedGradleVersions - Gradle version information cache is up-to-date. Trying to read.
2024-02-12 23:00:58,818 [Worker-18: Building] WARN  o.e.m.c.i.embedder.EclipseLogger - Using platform encoding (Cp1252 actually) to copy filtered resources, i.e. build is platform dependent!
2024-02-12 23:00:58,844 [Worker-18: Building] INFO  o.e.m.c.i.embedder.EclipseLogger - Copying 0 resource
2024-02-12 23:00:58,856 [Worker-18: Building] WARN  o.e.m.c.i.embedder.EclipseLogger - Using platform encoding (Cp1252 actually) to copy filtered resources, i.e. build is platform dependent!
2024-02-12 23:00:58,859 [Worker-18: Building] INFO  o.e.m.c.i.embedder.EclipseLogger - Copying 0 resource
2024-02-12 23:06:46,247 [Worker-7: Loading available Gradle versions] INFO  o.e.b.c.i.u.g.PublishedGradleVersions - Gradle version information cache is up-to-date. Trying to read.
2024-02-12 23:10:56,884 [Worker-9: Launching TestOrangeHrm] WARN  o.e.m.c.i.embedder.EclipseLogger - Using platform encoding (Cp1252 actually) to copy filtered resources, i.e. build is platform dependent!
2024-02-12 23:10:57,152 [Worker-9: Launching TestOrangeHrm] INFO  o.e.m.c.i.embedder.EclipseLogger - Copying 0 resource
2024-02-12 23:10:57,160 [Worker-9: Launching TestOrangeHrm] WARN  o.e.m.c.i.embedder.EclipseLogger - Using platform encoding (Cp1252 actually) to copy filtered resources, i.e. build is platform dependent!
2024-02-12 23:10:57,163 [Worker-9: Launching TestOrangeHrm] INFO  o.e.m.c.i.embedder.EclipseLogger - Copying 0 resource
2024-02-12 23:13:45,098 [Worker-27: Launching TestOrangeHrm] WARN  o.e.m.c.i.embedder.EclipseLogger - Using platform encoding (Cp1252 actually) to copy filtered resources, i.e. build is platform dependent!
2024-02-12 23:13:45,107 [Worker-27: Launching TestOrangeHrm] INFO  o.e.m.c.i.embedder.EclipseLogger - Copying 0 resource
2024-02-12 23:13:45,114 [Worker-27: Launching TestOrangeHrm] WARN  o.e.m.c.i.embedder.EclipseLogger - Using platform encoding (Cp1252 actually) to copy filtered resources, i.e. build is platform dependent!
2024-02-12 23:13:45,124 [Worker-27: Launching TestOrangeHrm] INFO  o.e.m.c.i.embedder.EclipseLogger - Copying 0 resource
2024-02-12 23:16:29,595 [Worker-32: Launching TestOrangeHrm] WARN  o.e.m.c.i.embedder.EclipseLogger - Using platform encoding (Cp1252 actually) to copy filtered resources, i.e. build is platform dependent!
2024-02-12 23:16:29,600 [Worker-32: Launching TestOrangeHrm] INFO  o.e.m.c.i.embedder.EclipseLogger - Copying 0 resource
2024-02-12 23:16:29,605 [Worker-32: Launching TestOrangeHrm] WARN  o.e.m.c.i.embedder.EclipseLogger - Using platform encoding (Cp1252 actually) to copy filtered resources, i.e. build is platform dependent!
2024-02-12 23:16:29,610 [Worker-32: Launching TestOrangeHrm] INFO  o.e.m.c.i.embedder.EclipseLogger - Copying 0 resource
2024-02-12 23:18:18,884 [Worker-29: Launching TestOrangeHrm] WARN  o.e.m.c.i.embedder.EclipseLogger - Using platform encoding (Cp1252 actually) to copy filtered resources, i.e. build is platform dependent!
2024-02-12 23:18:18,887 [Worker-29: Launching TestOrangeHrm] INFO  o.e.m.c.i.embedder.EclipseLogger - Copying 0 resource
2024-02-12 23:18:18,892 [Worker-29: Launching TestOrangeHrm] WARN  o.e.m.c.i.embedder.EclipseLogger - Using platform encoding (Cp1252 actually) to copy filtered resources, i.e. build is platform dependent!
2024-02-12 23:18:18,897 [Worker-29: Launching TestOrangeHrm] INFO  o.e.m.c.i.embedder.EclipseLogger - Copying 0 resource
2024-02-12 23:27:46,975 [Worker-37: Launching TestOrangeHrm] WARN  o.e.m.c.i.embedder.EclipseLogger - Using platform encoding (Cp1252 actually) to copy filtered resources, i.e. build is platform dependent!
2024-02-12 23:27:46,978 [Worker-37: Launching TestOrangeHrm] INFO  o.e.m.c.i.embedder.EclipseLogger - Copying 0 resource
2024-02-12 23:27:46,983 [Worker-37: Launching TestOrangeHrm] WARN  o.e.m.c.i.embedder.EclipseLogger - Using platform encoding (Cp1252 actually) to copy filtered resources, i.e. build is platform dependent!
2024-02-12 23:27:46,987 [Worker-37: Launching TestOrangeHrm] INFO  o.e.m.c.i.embedder.EclipseLogger - Copying 0 resource
2024-02-12 23:30:44,398 [Worker-29: Launching TestOrangeHrm] WARN  o.e.m.c.i.embedder.EclipseLogger - Using platform encoding (Cp1252 actually) to copy filtered resources, i.e. build is platform dependent!
2024-02-12 23:30:44,401 [Worker-29: Launching TestOrangeHrm] INFO  o.e.m.c.i.embedder.EclipseLogger - Copying 0 resource
2024-02-12 23:30:44,407 [Worker-29: Launching TestOrangeHrm] WARN  o.e.m.c.i.embedder.EclipseLogger - Using platform encoding (Cp1252 actually) to copy filtered resources, i.e. build is platform dependent!
2024-02-12 23:30:44,424 [Worker-29: Launching TestOrangeHrm] INFO  o.e.m.c.i.embedder.EclipseLogger - Copying 0 resource
2024-02-12 23:33:44,303 [Worker-7: Loading available Gradle versions] INFO  o.e.b.c.i.u.g.PublishedGradleVersions - Gradle version information cache is up-to-date. Trying to read.
2024-02-12 23:36:05,275 [Worker-13: Launching TestOrangeHrm] WARN  o.e.m.c.i.embedder.EclipseLogger - Using platform encoding (Cp1252 actually) to copy filtered resources, i.e. build is platform dependent!
2024-02-12 23:36:05,297 [Worker-13: Launching TestOrangeHrm] INFO  o.e.m.c.i.embedder.EclipseLogger - Copying 0 resource
2024-02-12 23:36:05,308 [Worker-13: Launching TestOrangeHrm] WARN  o.e.m.c.i.embedder.EclipseLogger - Using platform encoding (Cp1252 actually) to copy filtered resources, i.e. build is platform dependent!
2024-02-12 23:36:05,311 [Worker-13: Launching TestOrangeHrm] INFO  o.e.m.c.i.embedder.EclipseLogger - Copying 0 resource
2024-02-12 23:39:47,860 [Worker-21: Launching TestOrangeHrm] WARN  o.e.m.c.i.embedder.EclipseLogger - Using platform encoding (Cp1252 actually) to copy filtered resources, i.e. build is platform dependent!
2024-02-12 23:39:47,866 [Worker-21: Launching TestOrangeHrm] INFO  o.e.m.c.i.embedder.EclipseLogger - Copying 0 resource
2024-02-12 23:39:47,873 [Worker-21: Launching TestOrangeHrm] WARN  o.e.m.c.i.embedder.EclipseLogger - Using platform encoding (Cp1252 actually) to copy filtered resources, i.e. build is platform dependent!
2024-02-12 23:39:47,880 [Worker-21: Launching TestOrangeHrm] INFO  o.e.m.c.i.embedder.EclipseLogger - Copying 0 resource
2024-02-12 23:42:25,873 [Worker-24: Launching TestOrangeHrm] WARN  o.e.m.c.i.embedder.EclipseLogger - Using platform encoding (Cp1252 actually) to copy filtered resources, i.e. build is platform dependent!
2024-02-12 23:42:25,876 [Worker-24: Launching TestOrangeHrm] INFO  o.e.m.c.i.embedder.EclipseLogger - Copying 0 resource
2024-02-12 23:42:25,883 [Worker-24: Launching TestOrangeHrm] WARN  o.e.m.c.i.embedder.EclipseLogger - Using platform encoding (Cp1252 actually) to copy filtered resources, i.e. build is platform dependent!
2024-02-12 23:42:25,887 [Worker-24: Launching TestOrangeHrm] INFO  o.e.m.c.i.embedder.EclipseLogger - Copying 0 resource
2024-02-12 23:47:45,324 [Worker-26: Launching TestOrangeHrm] WARN  o.e.m.c.i.embedder.EclipseLogger - Using platform encoding (Cp1252 actually) to copy filtered resources, i.e. build is platform dependent!
2024-02-12 23:47:45,328 [Worker-26: Launching TestOrangeHrm] INFO  o.e.m.c.i.embedder.EclipseLogger - Copying 0 resource
2024-02-12 23:47:45,334 [Worker-26: Launching TestOrangeHrm] WARN  o.e.m.c.i.embedder.EclipseLogger - Using platform encoding (Cp1252 actually) to copy filtered resources, i.e. build is platform dependent!
2024-02-12 23:47:45,341 [Worker-26: Launching TestOrangeHrm] INFO  o.e.m.c.i.embedder.EclipseLogger - Copying 0 resource
2024-02-13 00:01:56,173 [Worker-32: Building] WARN  o.e.m.c.i.embedder.EclipseLogger - Using platform encoding (Cp1252 actually) to copy filtered resources, i.e. build is platform dependent!
2024-02-13 00:01:56,178 [Worker-32: Building] INFO  o.e.m.c.i.embedder.EclipseLogger - Copying 0 resource
2024-02-13 00:01:56,183 [Worker-32: Building] WARN  o.e.m.c.i.embedder.EclipseLogger - Using platform encoding (Cp1252 actually) to copy filtered resources, i.e. build is platform dependent!
2024-02-13 00:01:56,188 [Worker-32: Building] INFO  o.e.m.c.i.embedder.EclipseLogger - Copying 0 resource
2024-02-13 00:03:46,978 [Worker-33: Launching TestOrangeHrm] WARN  o.e.m.c.i.embedder.EclipseLogger - Using platform encoding (Cp1252 actually) to copy filtered resources, i.e. build is platform dependent!
2024-02-13 00:03:46,982 [Worker-33: Launching TestOrangeHrm] INFO  o.e.m.c.i.embedder.EclipseLogger - Copying 0 resource
2024-02-13 00:03:46,987 [Worker-33: Launching TestOrangeHrm] WARN  o.e.m.c.i.embedder.EclipseLogger - Using platform encoding (Cp1252 actually) to copy filtered resources, i.e. build is platform dependent!
2024-02-13 00:03:46,992 [Worker-33: Launching TestOrangeHrm] INFO  o.e.m.c.i.embedder.EclipseLogger - Copying 0 resource
2024-02-13 00:07:33,169 [Worker-37: Launching TestOrangeHrm] WARN  o.e.m.c.i.embedder.EclipseLogger - Using platform encoding (Cp1252 actually) to copy filtered resources, i.e. build is platform dependent!
2024-02-13 00:07:33,173 [Worker-37: Launching TestOrangeHrm] INFO  o.e.m.c.i.embedder.EclipseLogger - Copying 0 resource
2024-02-13 00:07:33,178 [Worker-37: Launching TestOrangeHrm] WARN  o.e.m.c.i.embedder.EclipseLogger - Using platform encoding (Cp1252 actually) to copy filtered resources, i.e. build is platform dependent!
2024-02-13 00:07:33,183 [Worker-37: Launching TestOrangeHrm] INFO  o.e.m.c.i.embedder.EclipseLogger - Copying 0 resource
2024-02-13 09:09:28,376 [Worker-7: Loading available Gradle versions] INFO  o.e.b.c.i.u.g.PublishedGradleVersions - Gradle version information cache is up-to-date. Trying to read.
2024-02-13 09:24:22,342 [Worker-21: Building] WARN  o.e.m.c.i.embedder.EclipseLogger - Using platform encoding (Cp1252 actually) to copy filtered resources, i.e. build is platform dependent!
2024-02-13 09:24:22,515 [Worker-21: Building] INFO  o.e.m.c.i.embedder.EclipseLogger - Copying 0 resource
2024-02-13 09:24:22,522 [Worker-21: Building] WARN  o.e.m.c.i.embedder.EclipseLogger - Using platform encoding (Cp1252 actually) to copy filtered resources, i.e. build is platform dependent!
2024-02-13 09:24:22,524 [Worker-21: Building] INFO  o.e.m.c.i.embedder.EclipseLogger - Copying 0 resource
2024-02-13 09:24:24,177 [Worker-19: Building] WARN  o.e.m.c.i.embedder.EclipseLogger - Using platform encoding (Cp1252 actually) to copy filtered resources, i.e. build is platform dependent!
2024-02-13 09:24:24,183 [Worker-19: Building] INFO  o.e.m.c.i.embedder.EclipseLogger - Copying 0 resource
2024-02-13 09:24:24,192 [Worker-19: Building] WARN  o.e.m.c.i.embedder.EclipseLogger - Using platform encoding (Cp1252 actually) to copy filtered resources, i.e. build is platform dependent!
2024-02-13 09:24:24,198 [Worker-19: Building] INFO  o.e.m.c.i.embedder.EclipseLogger - Copying 0 resource
2024-02-13 09:28:48,041 [Worker-24: Launching TestOrangeHrm] WARN  o.e.m.c.i.embedder.EclipseLogger - Using platform encoding (Cp1252 actually) to copy filtered resources, i.e. build is platform dependent!
2024-02-13 09:28:48,045 [Worker-24: Launching TestOrangeHrm] INFO  o.e.m.c.i.embedder.EclipseLogger - Copying 0 resource
2024-02-13 09:28:48,051 [Worker-24: Launching TestOrangeHrm] WARN  o.e.m.c.i.embedder.EclipseLogger - Using platform encoding (Cp1252 actually) to copy filtered resources, i.e. build is platform dependent!
2024-02-13 09:28:48,055 [Worker-24: Launching TestOrangeHrm] INFO  o.e.m.c.i.embedder.EclipseLogger - Copying 0 resource
2024-02-13 09:31:45,830 [Worker-28: Launching TestOrangeHrm] WARN  o.e.m.c.i.embedder.EclipseLogger - Using platform encoding (Cp1252 actually) to copy filtered resources, i.e. build is platform dependent!
2024-02-13 09:31:45,833 [Worker-28: Launching TestOrangeHrm] INFO  o.e.m.c.i.embedder.EclipseLogger - Copying 0 resource
2024-02-13 09:31:45,836 [Worker-28: Launching TestOrangeHrm] WARN  o.e.m.c.i.embedder.EclipseLogger - Using platform encoding (Cp1252 actually) to copy filtered resources, i.e. build is platform dependent!
2024-02-13 09:31:45,843 [Worker-28: Launching TestOrangeHrm] INFO  o.e.m.c.i.embedder.EclipseLogger - Copying 0 resource
2024-02-13 09:42:07,929 [Worker-30: Launching TestOrangeHrm] WARN  o.e.m.c.i.embedder.EclipseLogger - Using platform encoding (Cp1252 actually) to copy filtered resources, i.e. build is platform dependent!
2024-02-13 09:42:07,932 [Worker-30: Launching TestOrangeHrm] INFO  o.e.m.c.i.embedder.EclipseLogger - Copying 0 resource
2024-02-13 09:42:07,936 [Worker-30: Launching TestOrangeHrm] WARN  o.e.m.c.i.embedder.EclipseLogger - Using platform encoding (Cp1252 actually) to copy filtered resources, i.e. build is platform dependent!
2024-02-13 09:42:07,941 [Worker-30: Launching TestOrangeHrm] INFO  o.e.m.c.i.embedder.EclipseLogger - Copying 0 resource
2024-02-13 09:52:18,040 [Worker-41: Launching TestOrangeHrm] WARN  o.e.m.c.i.embedder.EclipseLogger - Using platform encoding (Cp1252 actually) to copy filtered resources, i.e. build is platform dependent!
2024-02-13 09:52:18,044 [Worker-41: Launching TestOrangeHrm] INFO  o.e.m.c.i.embedder.EclipseLogger - Copying 0 resource
2024-02-13 09:52:18,049 [Worker-41: Launching TestOrangeHrm] WARN  o.e.m.c.i.embedder.EclipseLogger - Using platform encoding (Cp1252 actually) to copy filtered resources, i.e. build is platform dependent!
2024-02-13 09:52:18,054 [Worker-41: Launching TestOrangeHrm] INFO  o.e.m.c.i.embedder.EclipseLogger - Copying 0 resource
2024-02-13 11:09:18,477 [Worker-7: Loading available Gradle versions] INFO  o.e.b.c.i.u.g.PublishedGradleVersions - Gradle version information cache is up-to-date. Trying to read.
2024-02-13 11:10:53,433 [Worker-5: Launching TestOrangeHrm] WARN  o.e.m.c.i.embedder.EclipseLogger - Using platform encoding (Cp1252 actually) to copy filtered resources, i.e. build is platform dependent!
2024-02-13 11:10:53,454 [Worker-5: Launching TestOrangeHrm] INFO  o.e.m.c.i.embedder.EclipseLogger - Copying 0 resource
2024-02-13 11:10:53,463 [Worker-5: Launching TestOrangeHrm] WARN  o.e.m.c.i.embedder.EclipseLogger - Using platform encoding (Cp1252 actually) to copy filtered resources, i.e. build is platform dependent!
2024-02-13 11:10:53,467 [Worker-5: Launching TestOrangeHrm] INFO  o.e.m.c.i.embedder.EclipseLogger - Copying 0 resource
2024-02-13 11:20:14,853 [Worker-4: Launching TestOrangeHrm] WARN  o.e.m.c.i.embedder.EclipseLogger - Using platform encoding (Cp1252 actually) to copy filtered resources, i.e. build is platform dependent!
2024-02-13 11:20:14,859 [Worker-4: Launching TestOrangeHrm] INFO  o.e.m.c.i.embedder.EclipseLogger - Copying 0 resource
2024-02-13 11:20:14,865 [Worker-4: Launching TestOrangeHrm] WARN  o.e.m.c.i.embedder.EclipseLogger - Using platform encoding (Cp1252 actually) to copy filtered resources, i.e. build is platform dependent!
2024-02-13 11:20:14,875 [Worker-4: Launching TestOrangeHrm] INFO  o.e.m.c.i.embedder.EclipseLogger - Copying 0 resource
2024-02-13 11:26:20,867 [Worker-14: Launching TestOrangeHrm] WARN  o.e.m.c.i.embedder.EclipseLogger - Using platform encoding (Cp1252 actually) to copy filtered resources, i.e. build is platform dependent!
2024-02-13 11:26:20,871 [Worker-14: Launching TestOrangeHrm] INFO  o.e.m.c.i.embedder.EclipseLogger - Copying 0 resource
2024-02-13 11:26:20,877 [Worker-14: Launching TestOrangeHrm] WARN  o.e.m.c.i.embedder.EclipseLogger - Using platform encoding (Cp1252 actually) to copy filtered resources, i.e. build is platform dependent!
2024-02-13 11:26:20,881 [Worker-14: Launching TestOrangeHrm] INFO  o.e.m.c.i.embedder.EclipseLogger - Copying 0 resource
2024-02-13 20:26:18,174 [Worker-4: Loading available Gradle versions] INFO  o.e.b.c.i.u.g.PublishedGradleVersions - Gradle version information cache is up-to-date. Trying to read.
2024-02-14 09:49:46,997 [Worker-7: Loading available Gradle versions] INFO  o.e.b.c.i.u.g.PublishedGradleVersions - Gradle version information cache is up-to-date. Trying to read.
2024-02-15 11:02:20,280 [Worker-2: Loading available Gradle versions] INFO  o.e.b.c.i.u.g.PublishedGradleVersions - Gradle version information cache is up-to-date. Trying to read.
2024-02-15 11:03:14,980 [Worker-14: Launching TestOrangeHrm] WARN  o.e.m.c.i.embedder.EclipseLogger - Using platform encoding (Cp1252 actually) to copy filtered resources, i.e. build is platform dependent!
2024-02-15 11:03:14,999 [Worker-14: Launching TestOrangeHrm] INFO  o.e.m.c.i.embedder.EclipseLogger - Copying 0 resource
2024-02-15 11:03:15,008 [Worker-14: Launching TestOrangeHrm] WARN  o.e.m.c.i.embedder.EclipseLogger - Using platform encoding (Cp1252 actually) to copy filtered resources, i.e. build is platform dependent!
2024-02-15 11:03:15,010 [Worker-14: Launching TestOrangeHrm] INFO  o.e.m.c.i.embedder.EclipseLogger - Copying 0 resource
2024-02-16 10:23:59,942 [Worker-3: Loading available Gradle versions] INFO  o.e.b.c.i.u.g.PublishedGradleVersions - Gradle version information cache is up-to-date. Trying to read.
2024-02-17 20:59:58,601 [Worker-7: Loading available Gradle versions] INFO  o.e.b.c.i.u.g.PublishedGradleVersions - Gradle version information cache is up-to-date. Trying to read.
2024-02-17 21:44:03,727 [Worker-4: Loading available Gradle versions] INFO  o.e.b.c.i.u.g.PublishedGradleVersions - Gradle version information cache is up-to-date. Trying to read.
2024-02-20 15:26:46,076 [Worker-7: Loading available Gradle versions] INFO  o.e.b.c.i.u.g.PublishedGradleVersions - Gradle version information cache is up-to-date. Trying to read.
2024-02-21 12:11:40,525 [Worker-7: Loading available Gradle versions] INFO  o.e.b.c.i.u.g.PublishedGradleVersions - Gradle version information cache is out-of-date. Trying to update.
2024-02-21 12:14:00,843 [Worker-2: Launching TestOrangeHrm] WARN  o.e.m.c.i.embedder.EclipseLogger - Using platform encoding (Cp1252 actually) to copy filtered resources, i.e. build is platform dependent!
2024-02-21 12:14:00,861 [Worker-2: Launching TestOrangeHrm] INFO  o.e.m.c.i.embedder.EclipseLogger - Copying 0 resource
2024-02-21 12:14:00,874 [Worker-2: Launching TestOrangeHrm] WARN  o.e.m.c.i.embedder.EclipseLogger - Using platform encoding (Cp1252 actually) to copy filtered resources, i.e. build is platform dependent!
2024-02-21 12:14:00,878 [Worker-2: Launching TestOrangeHrm] INFO  o.e.m.c.i.embedder.EclipseLogger - Copying 0 resource
2024-02-22 17:34:20,874 [Worker-7: Loading available Gradle versions] INFO  o.e.b.c.i.u.g.PublishedGradleVersions - Gradle version information cache is out-of-date. Trying to update.
2024-02-22 22:45:33,958 [Worker-4: Loading available Gradle versions] INFO  o.e.b.c.i.u.g.PublishedGradleVersions - Gradle version information cache is up-to-date. Trying to read.
2024-02-23 11:37:10,640 [Worker-2: Loading available Gradle versions] INFO  o.e.b.c.i.u.g.PublishedGradleVersions - Gradle version information cache is up-to-date. Trying to read.
2024-02-24 19:53:58,417 [Worker-7: Loading available Gradle versions] INFO  o.e.b.c.i.u.g.PublishedGradleVersions - Gradle version information cache is up-to-date. Trying to read.
2024-02-24 19:54:35,487 [Worker-17: Launching TestOrangeHrm] WARN  o.e.m.c.i.embedder.EclipseLogger - Using platform encoding (Cp1252 actually) to copy filtered resources, i.e. build is platform dependent!
2024-02-24 19:54:35,520 [Worker-17: Launching TestOrangeHrm] INFO  o.e.m.c.i.embedder.EclipseLogger - Copying 0 resource
2024-02-24 19:54:35,536 [Worker-17: Launching TestOrangeHrm] WARN  o.e.m.c.i.embedder.EclipseLogger - Using platform encoding (Cp1252 actually) to copy filtered resources, i.e. build is platform dependent!
2024-02-24 19:54:35,543 [Worker-17: Launching TestOrangeHrm] INFO  o.e.m.c.i.embedder.EclipseLogger - Copying 0 resource
2024-03-01 15:20:12,773 [Worker-2: Loading available Gradle versions] INFO  o.e.b.c.i.u.g.PublishedGradleVersions - Gradle version information cache is out-of-date. Trying to update.
